<?xml version="1.0" encoding="UTF-8"?>
<testsuite xmlns:xsi="http://www.w3.org/2001/XMLSchema-instance" xsi:schemaLocation="https://maven.apache.org/surefire/maven-surefire-plugin/xsd/surefire-test-report.xsd" name="sample.actuator.ExampleInfoContributorTest" time="0.321" tests="1" errors="1" skipped="0" failures="0">
  <properties>
[...]
</properties>
  <testcase name="infoMap" classname="sample.actuator.ExampleInfoContributorTest" time="0.32">
    <error message="&#10;Mockito cannot mock this class: class org.springframework.boot.actuate.info.Info$Builder.&#10;&#10;Mockito can only mock non-private &amp; non-final classes.&#10;If you&apos;re not sure why you&apos;re getting this error, please report to the mailing list.&#10;&#10;&#10;Java               : 11&#10;JVM vendor name    : Ubuntu&#10;JVM vendor version : 11.0.16+8-post-Ubuntu-0ubuntu122.04&#10;JVM name           : OpenJDK 64-Bit Server VM&#10;JVM version        : 11.0.16+8-post-Ubuntu-0ubuntu122.04&#10;JVM info           : mixed mode, sharing&#10;OS name            : Linux&#10;OS version         : 5.15.0-48-generic&#10;&#10;&#10;Underlying exception : java.lang.UnsupportedOperationException: Cannot define class using reflection" type="org.mockito.exceptions.base.MockitoException"><![CDATA[org.mockito.exceptions.base.MockitoException: 

Mockito cannot mock this class: class org.springframework.boot.actuate.info.Info$Builder.

Mockito can only mock non-private & non-final classes.
If you're not sure why you're getting this error, please report to the mailing list.


Java               : 11
JVM vendor name    : Ubuntu
JVM vendor version : 11.0.16+8-post-Ubuntu-0ubuntu122.04
JVM name           : OpenJDK 64-Bit Server VM
JVM version        : 11.0.16+8-post-Ubuntu-0ubuntu122.04
JVM info           : mixed mode, sharing
OS name            : Linux
OS version         : 5.15.0-48-generic


Underlying exception : java.lang.UnsupportedOperationException: Cannot define class using reflection
	at sample.actuator.ExampleInfoContributorTest.infoMap(ExampleInfoContributorTest.java:14)
Caused by: java.lang.UnsupportedOperationException: Cannot define class using reflection
	at sample.actuator.ExampleInfoContributorTest.infoMap(ExampleInfoContributorTest.java:14)
Caused by: java.lang.IllegalStateException: Could not find sun.misc.Unsafe
	at sample.actuator.ExampleInfoContributorTest.infoMap(ExampleInfoContributorTest.java:14)
Caused by: java.lang.NoSuchMethodException: sun.misc.Unsafe.defineClass(java.lang.String, [B, int, int, java.lang.ClassLoader, java.security.ProtectionDomain)
	at sample.actuator.ExampleInfoContributorTest.infoMap(ExampleInfoContributorTest.java:14)
]]></error>
  </testcase>
</testsuite>